2016-04-26 13:31:30 DEBUG :386 - Log appended : logs/ThreadLog_0_20160426133130
2016-04-26 13:31:30 DEBUG :70 - Thread is Using Air 1 whose URL is : http://10.78.1.101:10011/Air
2016-04-26 13:31:30 DEBUG :75 - Starting the run method for Thread : logs/ThreadLog_0_20160426133130
2016-04-26 13:31:30 DEBUG :79 - Handling the MSISDN : 1100926980
2016-04-26 13:31:30 DEBUG :80 - current UCIP Request : UpdateOffer
2016-04-26 13:31:30 DEBUG :89 - Request sent successfully with Response Code : 0
2016-04-26 13:31:30 DEBUG :79 - Handling the MSISDN : 1100926981
2016-04-26 13:31:30 DEBUG :80 - current UCIP Request : UpdateOffer
2016-04-26 13:31:30 DEBUG :89 - Request sent successfully with Response Code : 0
2016-04-26 13:31:30 DEBUG :79 - Handling the MSISDN : 1100926982
2016-04-26 13:31:30 DEBUG :80 - current UCIP Request : UpdateOffer
2016-04-26 13:31:30 DEBUG :89 - Request sent successfully with Response Code : 0
2016-04-26 13:31:30 DEBUG :79 - Handling the MSISDN : 1100926983
2016-04-26 13:31:30 DEBUG :80 - current UCIP Request : UpdateOffer
2016-04-26 13:31:30 DEBUG :89 - Request sent successfully with Response Code : 0
2016-04-26 13:31:30 DEBUG :79 - Handling the MSISDN : 1100926984
2016-04-26 13:31:30 DEBUG :80 - current UCIP Request : UpdateOffer
2016-04-26 13:31:30 ERROR :86 - The request for the current UCIP Request :  <?xml version="1.0"?>
<methodCall>
<methodName>UpdateOffer</methodName>
<params><param><value><struct>
<member><name>originNodeType</name><value><string>EXT</string></value></member>
<member><name>originHostName</name><value><string>TestClient</string></value></member>
<member><name>originTransactionID</name><value><string>00000001</string></value></member>
<member><name>originTimeStamp</name><value><dateTime.iso8601>20160426T01:31:30+0200</dateTime.iso8601></value></member>
<member><name>subscriberNumberNAI</name><value><int>2</int></value></member>
<member><name>subscriberNumber</name><value><string>$msisdn</string></value></member>
<member><name>offerID</name><value><int>18624</int></value></member>
</struct></value></param></params>
</methodCall>

2016-04-26 13:31:30 ERROR :87 - The response for the current UCIP Request : <?xml version="1.0" encoding="UTF-8"?><methodResponse><params><param><value><struct><member><name>availableServerCapabilities</name><value><array><data><value><i4>8462852</i4></value></data></array></value></member><member><name>negotiatedCapabilities</name><value><array><data><value><i4>0</i4></value></data></array></value></member><member><name>originTransactionID</name><value><string>00000001</string></value></member><member><name>responseCode</name><value><i4>102</i4></value></member></struct></value></param></params></methodResponse>
2016-04-26 13:31:30 DEBUG :446 - Thread Stopped for dial : [1100926980,UpdateOffer,18624, 1100926981,UpdateOffer,18624, 1100926982,UpdateOffer,18624, 1100926983,UpdateOffer,18624, 1100926984,UpdateOffer,18624]
2016-04-26 13:31:30 DEBUG :447 - ------------------------------------------------------------------------------------------------

2016-04-26 13:47:29 DEBUG :386 - Log appended : logs/ThreadLog_0_20160426134729
2016-04-26 13:47:29 DEBUG :70 - Thread is Using Air 1 whose URL is : http://10.78.1.101:10011/Air
2016-04-26 13:47:29 DEBUG :75 - Starting the run method for Thread : logs/ThreadLog_0_20160426134729
2016-04-26 13:47:29 DEBUG :79 - Handling the MSISDN : 1100926980
2016-04-26 13:47:29 DEBUG :80 - current UCIP Request : UpdateOfferWithExpiry
2016-04-26 13:47:29 DEBUG :89 - Request sent successfully with Response Code : 0
2016-04-26 13:47:29 DEBUG :79 - Handling the MSISDN : 1100926981
2016-04-26 13:47:29 DEBUG :80 - current UCIP Request : UpdateOfferWithExpiry
2016-04-26 13:47:29 DEBUG :89 - Request sent successfully with Response Code : 0
2016-04-26 13:47:29 DEBUG :79 - Handling the MSISDN : 1100926982
2016-04-26 13:47:29 DEBUG :80 - current UCIP Request : UpdateOfferWithExpiry
2016-04-26 13:47:29 DEBUG :89 - Request sent successfully with Response Code : 0
2016-04-26 13:47:29 DEBUG :79 - Handling the MSISDN : 1100926983
2016-04-26 13:47:29 DEBUG :80 - current UCIP Request : UpdateOfferWithExpiry
2016-04-26 13:47:29 DEBUG :89 - Request sent successfully with Response Code : 0
2016-04-26 13:47:29 DEBUG :79 - Handling the MSISDN : 1100926984
2016-04-26 13:47:29 DEBUG :80 - current UCIP Request : UpdateOfferWithExpiry
2016-04-26 13:47:29 ERROR :86 - The request for the current UCIP Request :  <?xml version="1.0"?>
<methodCall>
<methodName>UpdateOffer</methodName>
<params><param><value><struct>
<member><name>originNodeType</name><value><string>EXT</string></value></member>
<member><name>originHostName</name><value><string>testserver</string></value></member>
<member><name>originTransactionID</name><value><string>4</string></value></member>
<member><name>originTimeStamp</name><value><dateTime.iso8601>20160426T01:47:29+0200</dateTime.iso8601></value></member>
<member><name>subscriberNumberNAI</name><value><int>2</int></value></member>
<member><name>subscriberNumber</name><value><string>$msisdn</string></value></member>
<member><name>offerID</name><value><i4>18784</i4></value></member>
<member><name>expiryDate</name><value><dateTime.iso8601>20160525T01:47:29+0200</dateTime.iso8601></value></member>
</struct></value></param></params>
</methodCall>

2016-04-26 13:47:29 ERROR :87 - The response for the current UCIP Request : <?xml version="1.0" encoding="UTF-8"?><methodResponse><params><param><value><struct><member><name>availableServerCapabilities</name><value><array><data><value><i4>8462852</i4></value></data></array></value></member><member><name>negotiatedCapabilities</name><value><array><data><value><i4>0</i4></value></data></array></value></member><member><name>originTransactionID</name><value><string>4</string></value></member><member><name>responseCode</name><value><i4>102</i4></value></member></struct></value></param></params></methodResponse>
2016-04-26 13:47:29 DEBUG :446 - Thread Stopped for dial : [1100926980,UpdateOfferWithExpiry,18784,29, 1100926981,UpdateOfferWithExpiry,18784,29, 1100926982,UpdateOfferWithExpiry,18784,29, 1100926983,UpdateOfferWithExpiry,18784,29, 1100926984,UpdateOfferWithExpiry,18784,29]
2016-04-26 13:47:29 DEBUG :447 - ------------------------------------------------------------------------------------------------

2016-04-26 13:52:02 DEBUG :386 - Log appended : logs/ThreadLog_0_20160426135202
2016-04-26 13:52:02 DEBUG :70 - Thread is Using Air 1 whose URL is : http://10.78.1.101:10011/Air
2016-04-26 13:52:02 DEBUG :75 - Starting the run method for Thread : logs/ThreadLog_0_20160426135202
2016-04-26 13:52:02 DEBUG :79 - Handling the MSISDN : 1100926980
2016-04-26 13:52:02 DEBUG :80 - current UCIP Request : DeleteOffer
2016-04-26 13:52:02 DEBUG :89 - Request sent successfully with Response Code : 0
2016-04-26 13:52:02 DEBUG :79 - Handling the MSISDN : 1100926981
2016-04-26 13:52:02 DEBUG :80 - current UCIP Request : DeleteOffer
2016-04-26 13:52:02 DEBUG :89 - Request sent successfully with Response Code : 0
2016-04-26 13:52:02 DEBUG :79 - Handling the MSISDN : 1100926982
2016-04-26 13:52:02 DEBUG :80 - current UCIP Request : DeleteOffer
2016-04-26 13:52:03 DEBUG :89 - Request sent successfully with Response Code : 0
2016-04-26 13:52:03 DEBUG :79 - Handling the MSISDN : 1100926983
2016-04-26 13:52:03 DEBUG :80 - current UCIP Request : DeleteOffer
2016-04-26 13:52:03 DEBUG :89 - Request sent successfully with Response Code : 0
2016-04-26 13:52:03 DEBUG :79 - Handling the MSISDN : 1100926984
2016-04-26 13:52:03 DEBUG :80 - current UCIP Request : DeleteOffer
2016-04-26 13:52:03 ERROR :86 - The request for the current UCIP Request :  <?xml version="1.0"?>
<methodCall>
<methodName>DeleteOffer</methodName>
<params>
<param>
<value>
<struct>
<member><name>originNodeType</name><value><string>EXT</string></value></member>
<member><name>originHostName</name><value><string>testserver</string></value></member>
<member><name>originTransactionID</name><value><string>3</string></value></member>
<member><name>originTimeStamp</name><value><dateTime.iso8601>20160426T01:52:03+0200</dateTime.iso8601></value></member>
<member><name>subscriberNumberNAI</name><value><int>2</int></value></member>
<member><name>subscriberNumber</name><value><string>$msisdn</string></value></member>
<member><name>offerID</name><value><int>18624</int></value></member>
</struct>
</value>
</param>
</params>
</methodCall>

2016-04-26 13:52:03 ERROR :87 - The response for the current UCIP Request : <?xml version="1.0" encoding="UTF-8"?><methodResponse><params><param><value><struct><member><name>availableServerCapabilities</name><value><array><data><value><i4>8462852</i4></value></data></array></value></member><member><name>negotiatedCapabilities</name><value><array><data><value><i4>0</i4></value></data></array></value></member><member><name>originTransactionID</name><value><string>3</string></value></member><member><name>responseCode</name><value><i4>102</i4></value></member></struct></value></param></params></methodResponse>
2016-04-26 13:52:03 DEBUG :446 - Thread Stopped for dial : [1100926980,DeleteOffer,18624, 1100926981,DeleteOffer,18624, 1100926982,DeleteOffer,18624, 1100926983,DeleteOffer,18624, 1100926984,DeleteOffer,18624]
2016-04-26 13:52:03 DEBUG :447 - ------------------------------------------------------------------------------------------------

2016-04-26 13:52:53 DEBUG :386 - Log appended : logs/ThreadLog_0_20160426135253
2016-04-26 13:52:53 DEBUG :70 - Thread is Using Air 1 whose URL is : http://10.78.1.101:10011/Air
2016-04-26 13:52:53 DEBUG :75 - Starting the run method for Thread : logs/ThreadLog_0_20160426135253
2016-04-26 13:52:53 DEBUG :79 - Handling the MSISDN : 1100926980
2016-04-26 13:52:53 DEBUG :80 - current UCIP Request : DeleteOffer
2016-04-26 13:52:53 DEBUG :89 - Request sent successfully with Response Code : 0
2016-04-26 13:52:53 DEBUG :79 - Handling the MSISDN : 1100926981
2016-04-26 13:52:53 DEBUG :80 - current UCIP Request : DeleteOffer
2016-04-26 13:52:53 DEBUG :89 - Request sent successfully with Response Code : 0
2016-04-26 13:52:53 DEBUG :79 - Handling the MSISDN : 1100926982
2016-04-26 13:52:53 DEBUG :80 - current UCIP Request : DeleteOffer
2016-04-26 13:52:53 DEBUG :89 - Request sent successfully with Response Code : 0
2016-04-26 13:52:53 DEBUG :79 - Handling the MSISDN : 1100926983
2016-04-26 13:52:53 DEBUG :80 - current UCIP Request : DeleteOffer
2016-04-26 13:52:53 DEBUG :89 - Request sent successfully with Response Code : 0
2016-04-26 13:52:53 DEBUG :79 - Handling the MSISDN : 1100926984
2016-04-26 13:52:53 DEBUG :80 - current UCIP Request : DeleteOffer
2016-04-26 13:52:53 ERROR :86 - The request for the current UCIP Request :  <?xml version="1.0"?>
<methodCall>
<methodName>DeleteOffer</methodName>
<params>
<param>
<value>
<struct>
<member><name>originNodeType</name><value><string>EXT</string></value></member>
<member><name>originHostName</name><value><string>testserver</string></value></member>
<member><name>originTransactionID</name><value><string>3</string></value></member>
<member><name>originTimeStamp</name><value><dateTime.iso8601>20160426T01:52:53+0200</dateTime.iso8601></value></member>
<member><name>subscriberNumberNAI</name><value><int>2</int></value></member>
<member><name>subscriberNumber</name><value><string>$msisdn</string></value></member>
<member><name>offerID</name><value><int>18784</int></value></member>
</struct>
</value>
</param>
</params>
</methodCall>

2016-04-26 13:52:53 ERROR :87 - The response for the current UCIP Request : <?xml version="1.0" encoding="UTF-8"?><methodResponse><params><param><value><struct><member><name>availableServerCapabilities</name><value><array><data><value><i4>8462852</i4></value></data></array></value></member><member><name>negotiatedCapabilities</name><value><array><data><value><i4>0</i4></value></data></array></value></member><member><name>originTransactionID</name><value><string>3</string></value></member><member><name>responseCode</name><value><i4>102</i4></value></member></struct></value></param></params></methodResponse>
2016-04-26 13:52:53 DEBUG :446 - Thread Stopped for dial : [1100926980,DeleteOffer,18784, 1100926981,DeleteOffer,18784, 1100926982,DeleteOffer,18784, 1100926983,DeleteOffer,18784, 1100926984,DeleteOffer,18784]
2016-04-26 13:52:53 DEBUG :447 - ------------------------------------------------------------------------------------------------

2016-04-26 13:31:30 DEBUG :386 - Log appended : logs/ThreadLog_1_20160426133130
2016-04-26 13:31:30 DEBUG :70 - Thread is Using Air 2 whose URL is : http://10.78.1.102:10011/Air
2016-04-26 13:31:30 DEBUG :75 - Starting the run method for Thread : logs/ThreadLog_1_20160426133130
2016-04-26 13:31:30 DEBUG :79 - Handling the MSISDN : 1100926985
2016-04-26 13:31:30 DEBUG :80 - current UCIP Request : UpdateOffer
2016-04-26 13:31:30 ERROR :86 - The request for the current UCIP Request :  <?xml version="1.0"?>
<methodCall>
<methodName>UpdateOffer</methodName>
<params><param><value><struct>
<member><name>originNodeType</name><value><string>EXT</string></value></member>
<member><name>originHostName</name><value><string>TestClient</string></value></member>
<member><name>originTransactionID</name><value><string>00000001</string></value></member>
<member><name>originTimeStamp</name><value><dateTime.iso8601>20160426T01:31:30+0200</dateTime.iso8601></value></member>
<member><name>subscriberNumberNAI</name><value><int>2</int></value></member>
<member><name>subscriberNumber</name><value><string>$msisdn</string></value></member>
<member><name>offerID</name><value><int>18624</int></value></member>
</struct></value></param></params>
</methodCall>

2016-04-26 13:31:30 ERROR :87 - The response for the current UCIP Request : <?xml version="1.0" encoding="UTF-8"?><methodResponse><params><param><value><struct><member><name>availableServerCapabilities</name><value><array><data><value><i4>8462852</i4></value></data></array></value></member><member><name>negotiatedCapabilities</name><value><array><data><value><i4>0</i4></value></data></array></value></member><member><name>originTransactionID</name><value><string>00000001</string></value></member><member><name>responseCode</name><value><i4>102</i4></value></member></struct></value></param></params></methodResponse>
2016-04-26 13:31:30 DEBUG :79 - Handling the MSISDN : 1100926986
2016-04-26 13:31:30 DEBUG :80 - current UCIP Request : UpdateOffer
2016-04-26 13:31:30 DEBUG :89 - Request sent successfully with Response Code : 0
2016-04-26 13:31:30 DEBUG :79 - Handling the MSISDN : 1100926987
2016-04-26 13:31:30 DEBUG :80 - current UCIP Request : UpdateOffer
2016-04-26 13:31:30 DEBUG :89 - Request sent successfully with Response Code : 0
2016-04-26 13:31:30 DEBUG :79 - Handling the MSISDN : 1100926988
2016-04-26 13:31:30 DEBUG :80 - current UCIP Request : UpdateOffer
2016-04-26 13:31:30 DEBUG :89 - Request sent successfully with Response Code : 0
2016-04-26 13:31:30 DEBUG :79 - Handling the MSISDN : 1100926989
2016-04-26 13:31:30 DEBUG :80 - current UCIP Request : UpdateOffer
2016-04-26 13:31:31 DEBUG :89 - Request sent successfully with Response Code : 0
2016-04-26 13:31:31 DEBUG :446 - Thread Stopped for dial : [1100926985,UpdateOffer,18624, 1100926986,UpdateOffer,18624, 1100926987,UpdateOffer,18624, 1100926988,UpdateOffer,18624, 1100926989,UpdateOffer,18624]
2016-04-26 13:31:31 DEBUG :447 - ------------------------------------------------------------------------------------------------

2016-04-26 13:47:29 DEBUG :386 - Log appended : logs/ThreadLog_1_20160426134729
2016-04-26 13:47:29 DEBUG :70 - Thread is Using Air 2 whose URL is : http://10.78.1.102:10011/Air
2016-04-26 13:47:29 DEBUG :75 - Starting the run method for Thread : logs/ThreadLog_1_20160426134729
2016-04-26 13:47:29 DEBUG :79 - Handling the MSISDN : 1100926985
2016-04-26 13:47:29 DEBUG :80 - current UCIP Request : UpdateOfferWithExpiry
2016-04-26 13:47:29 ERROR :86 - The request for the current UCIP Request :  <?xml version="1.0"?>
<methodCall>
<methodName>UpdateOffer</methodName>
<params><param><value><struct>
<member><name>originNodeType</name><value><string>EXT</string></value></member>
<member><name>originHostName</name><value><string>testserver</string></value></member>
<member><name>originTransactionID</name><value><string>4</string></value></member>
<member><name>originTimeStamp</name><value><dateTime.iso8601>20160426T01:47:29+0200</dateTime.iso8601></value></member>
<member><name>subscriberNumberNAI</name><value><int>2</int></value></member>
<member><name>subscriberNumber</name><value><string>$msisdn</string></value></member>
<member><name>offerID</name><value><i4>18784</i4></value></member>
<member><name>expiryDate</name><value><dateTime.iso8601>20160525T01:47:29+0200</dateTime.iso8601></value></member>
</struct></value></param></params>
</methodCall>

2016-04-26 13:47:29 ERROR :87 - The response for the current UCIP Request : <?xml version="1.0" encoding="UTF-8"?><methodResponse><params><param><value><struct><member><name>availableServerCapabilities</name><value><array><data><value><i4>8462852</i4></value></data></array></value></member><member><name>negotiatedCapabilities</name><value><array><data><value><i4>0</i4></value></data></array></value></member><member><name>originTransactionID</name><value><string>4</string></value></member><member><name>responseCode</name><value><i4>102</i4></value></member></struct></value></param></params></methodResponse>
2016-04-26 13:47:29 DEBUG :79 - Handling the MSISDN : 1100926986
2016-04-26 13:47:29 DEBUG :80 - current UCIP Request : UpdateOfferWithExpiry
2016-04-26 13:47:29 DEBUG :89 - Request sent successfully with Response Code : 0
2016-04-26 13:47:29 DEBUG :79 - Handling the MSISDN : 1100926987
2016-04-26 13:47:29 DEBUG :80 - current UCIP Request : UpdateOfferWithExpiry
2016-04-26 13:47:29 DEBUG :89 - Request sent successfully with Response Code : 0
2016-04-26 13:47:29 DEBUG :79 - Handling the MSISDN : 1100926988
2016-04-26 13:47:29 DEBUG :80 - current UCIP Request : UpdateOfferWithExpiry
2016-04-26 13:47:29 DEBUG :89 - Request sent successfully with Response Code : 0
2016-04-26 13:47:29 DEBUG :79 - Handling the MSISDN : 1100926989
2016-04-26 13:47:29 DEBUG :80 - current UCIP Request : UpdateOfferWithExpiry
2016-04-26 13:47:29 DEBUG :89 - Request sent successfully with Response Code : 0
2016-04-26 13:47:29 DEBUG :446 - Thread Stopped for dial : [1100926985,UpdateOfferWithExpiry,18784,29, 1100926986,UpdateOfferWithExpiry,18784,29, 1100926987,UpdateOfferWithExpiry,18784,29, 1100926988,UpdateOfferWithExpiry,18784,29, 1100926989,UpdateOfferWithExpiry,18784,29]
2016-04-26 13:47:29 DEBUG :447 - ------------------------------------------------------------------------------------------------

2016-04-26 13:52:02 DEBUG :386 - Log appended : logs/ThreadLog_1_20160426135202
2016-04-26 13:52:02 DEBUG :70 - Thread is Using Air 2 whose URL is : http://10.78.1.102:10011/Air
2016-04-26 13:52:02 DEBUG :75 - Starting the run method for Thread : logs/ThreadLog_1_20160426135202
2016-04-26 13:52:02 DEBUG :79 - Handling the MSISDN : 1100926985
2016-04-26 13:52:02 DEBUG :80 - current UCIP Request : DeleteOffer
2016-04-26 13:52:02 ERROR :86 - The request for the current UCIP Request :  <?xml version="1.0"?>
<methodCall>
<methodName>DeleteOffer</methodName>
<params>
<param>
<value>
<struct>
<member><name>originNodeType</name><value><string>EXT</string></value></member>
<member><name>originHostName</name><value><string>testserver</string></value></member>
<member><name>originTransactionID</name><value><string>3</string></value></member>
<member><name>originTimeStamp</name><value><dateTime.iso8601>20160426T01:52:02+0200</dateTime.iso8601></value></member>
<member><name>subscriberNumberNAI</name><value><int>2</int></value></member>
<member><name>subscriberNumber</name><value><string>$msisdn</string></value></member>
<member><name>offerID</name><value><int>18624</int></value></member>
</struct>
</value>
</param>
</params>
</methodCall>

2016-04-26 13:52:02 ERROR :87 - The response for the current UCIP Request : <?xml version="1.0" encoding="UTF-8"?><methodResponse><params><param><value><struct><member><name>availableServerCapabilities</name><value><array><data><value><i4>8462852</i4></value></data></array></value></member><member><name>negotiatedCapabilities</name><value><array><data><value><i4>0</i4></value></data></array></value></member><member><name>originTransactionID</name><value><string>3</string></value></member><member><name>responseCode</name><value><i4>102</i4></value></member></struct></value></param></params></methodResponse>
2016-04-26 13:52:02 DEBUG :79 - Handling the MSISDN : 1100926986
2016-04-26 13:52:02 DEBUG :80 - current UCIP Request : DeleteOffer
2016-04-26 13:52:02 DEBUG :89 - Request sent successfully with Response Code : 0
2016-04-26 13:52:02 DEBUG :79 - Handling the MSISDN : 1100926987
2016-04-26 13:52:02 DEBUG :80 - current UCIP Request : DeleteOffer
2016-04-26 13:52:03 DEBUG :89 - Request sent successfully with Response Code : 0
2016-04-26 13:52:03 DEBUG :79 - Handling the MSISDN : 1100926988
2016-04-26 13:52:03 DEBUG :80 - current UCIP Request : DeleteOffer
2016-04-26 13:52:03 DEBUG :89 - Request sent successfully with Response Code : 0
2016-04-26 13:52:03 DEBUG :79 - Handling the MSISDN : 1100926989
2016-04-26 13:52:03 DEBUG :80 - current UCIP Request : DeleteOffer
2016-04-26 13:52:03 DEBUG :89 - Request sent successfully with Response Code : 0
2016-04-26 13:52:03 DEBUG :446 - Thread Stopped for dial : [1100926985,DeleteOffer,18624, 1100926986,DeleteOffer,18624, 1100926987,DeleteOffer,18624, 1100926988,DeleteOffer,18624, 1100926989,DeleteOffer,18624]
2016-04-26 13:52:03 DEBUG :447 - ------------------------------------------------------------------------------------------------

2016-04-26 13:52:53 DEBUG :386 - Log appended : logs/ThreadLog_1_20160426135253
2016-04-26 13:52:53 DEBUG :70 - Thread is Using Air 2 whose URL is : http://10.78.1.102:10011/Air
2016-04-26 13:52:53 DEBUG :75 - Starting the run method for Thread : logs/ThreadLog_1_20160426135253
2016-04-26 13:52:53 DEBUG :79 - Handling the MSISDN : 1100926985
2016-04-26 13:52:53 DEBUG :80 - current UCIP Request : DeleteOffer
2016-04-26 13:52:53 ERROR :86 - The request for the current UCIP Request :  <?xml version="1.0"?>
<methodCall>
<methodName>DeleteOffer</methodName>
<params>
<param>
<value>
<struct>
<member><name>originNodeType</name><value><string>EXT</string></value></member>
<member><name>originHostName</name><value><string>testserver</string></value></member>
<member><name>originTransactionID</name><value><string>3</string></value></member>
<member><name>originTimeStamp</name><value><dateTime.iso8601>20160426T01:52:53+0200</dateTime.iso8601></value></member>
<member><name>subscriberNumberNAI</name><value><int>2</int></value></member>
<member><name>subscriberNumber</name><value><string>$msisdn</string></value></member>
<member><name>offerID</name><value><int>18784</int></value></member>
</struct>
</value>
</param>
</params>
</methodCall>

2016-04-26 13:52:53 ERROR :87 - The response for the current UCIP Request : <?xml version="1.0" encoding="UTF-8"?><methodResponse><params><param><value><struct><member><name>availableServerCapabilities</name><value><array><data><value><i4>8462852</i4></value></data></array></value></member><member><name>negotiatedCapabilities</name><value><array><data><value><i4>0</i4></value></data></array></value></member><member><name>originTransactionID</name><value><string>3</string></value></member><member><name>responseCode</name><value><i4>102</i4></value></member></struct></value></param></params></methodResponse>
2016-04-26 13:52:53 DEBUG :79 - Handling the MSISDN : 1100926986
2016-04-26 13:52:53 DEBUG :80 - current UCIP Request : DeleteOffer
2016-04-26 13:52:53 DEBUG :89 - Request sent successfully with Response Code : 0
2016-04-26 13:52:53 DEBUG :79 - Handling the MSISDN : 1100926987
2016-04-26 13:52:53 DEBUG :80 - current UCIP Request : DeleteOffer
2016-04-26 13:52:53 DEBUG :89 - Request sent successfully with Response Code : 0
2016-04-26 13:52:53 DEBUG :79 - Handling the MSISDN : 1100926988
2016-04-26 13:52:53 DEBUG :80 - current UCIP Request : DeleteOffer
2016-04-26 13:52:53 DEBUG :89 - Request sent successfully with Response Code : 0
2016-04-26 13:52:53 DEBUG :79 - Handling the MSISDN : 1100926989
2016-04-26 13:52:53 DEBUG :80 - current UCIP Request : DeleteOffer
2016-04-26 13:52:53 DEBUG :89 - Request sent successfully with Response Code : 0
2016-04-26 13:52:53 DEBUG :446 - Thread Stopped for dial : [1100926985,DeleteOffer,18784, 1100926986,DeleteOffer,18784, 1100926987,DeleteOffer,18784, 1100926988,DeleteOffer,18784, 1100926989,DeleteOffer,18784]
2016-04-26 13:52:53 DEBUG :447 - ------------------------------------------------------------------------------------------------

2016-04-26 13:31:30 DEBUG :386 - Log appended : logs/ThreadLog_2_20160426133130
2016-04-26 13:31:30 DEBUG :70 - Thread is Using Air 3 whose URL is : http://10.78.49.23:10011/Air
2016-04-26 13:31:30 DEBUG :75 - Starting the run method for Thread : logs/ThreadLog_2_20160426133130
2016-04-26 13:31:30 DEBUG :79 - Handling the MSISDN : 1100926990
2016-04-26 13:31:30 DEBUG :80 - current UCIP Request : UpdateOffer
2016-04-26 13:31:30 DEBUG :89 - Request sent successfully with Response Code : 0
2016-04-26 13:31:30 DEBUG :79 - Handling the MSISDN : 1100926991
2016-04-26 13:31:30 DEBUG :80 - current UCIP Request : UpdateOffer
2016-04-26 13:31:30 DEBUG :89 - Request sent successfully with Response Code : 0
2016-04-26 13:31:30 DEBUG :79 - Handling the MSISDN : 1100926992
2016-04-26 13:31:30 DEBUG :80 - current UCIP Request : UpdateOffer
2016-04-26 13:31:30 DEBUG :89 - Request sent successfully with Response Code : 0
2016-04-26 13:31:30 DEBUG :79 - Handling the MSISDN : 1100926993
2016-04-26 13:31:30 DEBUG :80 - current UCIP Request : UpdateOffer
2016-04-26 13:31:30 DEBUG :89 - Request sent successfully with Response Code : 0
2016-04-26 13:31:30 DEBUG :79 - Handling the MSISDN : 1100926994
2016-04-26 13:31:30 DEBUG :80 - current UCIP Request : UpdateOffer
2016-04-26 13:31:31 ERROR :86 - The request for the current UCIP Request :  <?xml version="1.0"?>
<methodCall>
<methodName>UpdateOffer</methodName>
<params><param><value><struct>
<member><name>originNodeType</name><value><string>EXT</string></value></member>
<member><name>originHostName</name><value><string>TestClient</string></value></member>
<member><name>originTransactionID</name><value><string>00000001</string></value></member>
<member><name>originTimeStamp</name><value><dateTime.iso8601>20160426T01:31:30+0200</dateTime.iso8601></value></member>
<member><name>subscriberNumberNAI</name><value><int>2</int></value></member>
<member><name>subscriberNumber</name><value><string>$msisdn</string></value></member>
<member><name>offerID</name><value><int>18624</int></value></member>
</struct></value></param></params>
</methodCall>

2016-04-26 13:31:31 ERROR :87 - The response for the current UCIP Request : <?xml version="1.0" encoding="UTF-8"?><methodResponse><params><param><value><struct><member><name>availableServerCapabilities</name><value><array><data><value><i4>545333764</i4></value><value><i4>8</i4></value></data></array></value></member><member><name>negotiatedCapabilities</name><value><array><data><value><i4>0</i4></value></data></array></value></member><member><name>originTransactionID</name><value><string>00000001</string></value></member><member><name>responseCode</name><value><i4>100</i4></value></member></struct></value></param></params></methodResponse>
2016-04-26 13:31:31 DEBUG :446 - Thread Stopped for dial : [1100926990,UpdateOffer,18624, 1100926991,UpdateOffer,18624, 1100926992,UpdateOffer,18624, 1100926993,UpdateOffer,18624, 1100926994,UpdateOffer,18624]
2016-04-26 13:31:31 DEBUG :447 - ------------------------------------------------------------------------------------------------

2016-04-26 13:47:29 DEBUG :386 - Log appended : logs/ThreadLog_2_20160426134729
2016-04-26 13:47:29 DEBUG :70 - Thread is Using Air 3 whose URL is : http://10.78.49.23:10011/Air
2016-04-26 13:47:29 DEBUG :75 - Starting the run method for Thread : logs/ThreadLog_2_20160426134729
2016-04-26 13:47:29 DEBUG :79 - Handling the MSISDN : 1100926990
2016-04-26 13:47:29 DEBUG :80 - current UCIP Request : UpdateOfferWithExpiry
2016-04-26 13:47:29 DEBUG :89 - Request sent successfully with Response Code : 0
2016-04-26 13:47:29 DEBUG :79 - Handling the MSISDN : 1100926991
2016-04-26 13:47:29 DEBUG :80 - current UCIP Request : UpdateOfferWithExpiry
2016-04-26 13:47:29 DEBUG :89 - Request sent successfully with Response Code : 0
2016-04-26 13:47:29 DEBUG :79 - Handling the MSISDN : 1100926992
2016-04-26 13:47:29 DEBUG :80 - current UCIP Request : UpdateOfferWithExpiry
2016-04-26 13:47:29 DEBUG :89 - Request sent successfully with Response Code : 0
2016-04-26 13:47:29 DEBUG :79 - Handling the MSISDN : 1100926993
2016-04-26 13:47:29 DEBUG :80 - current UCIP Request : UpdateOfferWithExpiry
2016-04-26 13:47:29 DEBUG :89 - Request sent successfully with Response Code : 0
2016-04-26 13:47:29 DEBUG :79 - Handling the MSISDN : 1100926994
2016-04-26 13:47:29 DEBUG :80 - current UCIP Request : UpdateOfferWithExpiry
2016-04-26 13:47:29 ERROR :86 - The request for the current UCIP Request :  <?xml version="1.0"?>
<methodCall>
<methodName>UpdateOffer</methodName>
<params><param><value><struct>
<member><name>originNodeType</name><value><string>EXT</string></value></member>
<member><name>originHostName</name><value><string>testserver</string></value></member>
<member><name>originTransactionID</name><value><string>4</string></value></member>
<member><name>originTimeStamp</name><value><dateTime.iso8601>20160426T01:47:29+0200</dateTime.iso8601></value></member>
<member><name>subscriberNumberNAI</name><value><int>2</int></value></member>
<member><name>subscriberNumber</name><value><string>$msisdn</string></value></member>
<member><name>offerID</name><value><i4>18784</i4></value></member>
<member><name>expiryDate</name><value><dateTime.iso8601>20160525T01:47:29+0200</dateTime.iso8601></value></member>
</struct></value></param></params>
</methodCall>

2016-04-26 13:47:29 ERROR :87 - The response for the current UCIP Request : <?xml version="1.0" encoding="UTF-8"?><methodResponse><params><param><value><struct><member><name>availableServerCapabilities</name><value><array><data><value><i4>545333764</i4></value><value><i4>8</i4></value></data></array></value></member><member><name>negotiatedCapabilities</name><value><array><data><value><i4>0</i4></value></data></array></value></member><member><name>originTransactionID</name><value><string>4</string></value></member><member><name>responseCode</name><value><i4>100</i4></value></member></struct></value></param></params></methodResponse>
2016-04-26 13:47:29 DEBUG :446 - Thread Stopped for dial : [1100926990,UpdateOfferWithExpiry,18784,29, 1100926991,UpdateOfferWithExpiry,18784,29, 1100926992,UpdateOfferWithExpiry,18784,29, 1100926993,UpdateOfferWithExpiry,18784,29, 1100926994,UpdateOfferWithExpiry,18784,29]
2016-04-26 13:47:29 DEBUG :447 - ------------------------------------------------------------------------------------------------

2016-04-26 13:52:02 DEBUG :386 - Log appended : logs/ThreadLog_2_20160426135202
2016-04-26 13:52:02 DEBUG :70 - Thread is Using Air 3 whose URL is : http://10.78.49.23:10011/Air
2016-04-26 13:52:02 DEBUG :75 - Starting the run method for Thread : logs/ThreadLog_2_20160426135202
2016-04-26 13:52:02 DEBUG :79 - Handling the MSISDN : 1100926990
2016-04-26 13:52:02 DEBUG :80 - current UCIP Request : DeleteOffer
2016-04-26 13:52:03 DEBUG :89 - Request sent successfully with Response Code : 0
2016-04-26 13:52:03 DEBUG :79 - Handling the MSISDN : 1100926991
2016-04-26 13:52:03 DEBUG :80 - current UCIP Request : DeleteOffer
2016-04-26 13:52:03 DEBUG :89 - Request sent successfully with Response Code : 0
2016-04-26 13:52:03 DEBUG :79 - Handling the MSISDN : 1100926992
2016-04-26 13:52:03 DEBUG :80 - current UCIP Request : DeleteOffer
2016-04-26 13:52:03 DEBUG :89 - Request sent successfully with Response Code : 0
2016-04-26 13:52:03 DEBUG :79 - Handling the MSISDN : 1100926993
2016-04-26 13:52:03 DEBUG :80 - current UCIP Request : DeleteOffer
2016-04-26 13:52:03 DEBUG :89 - Request sent successfully with Response Code : 0
2016-04-26 13:52:03 DEBUG :79 - Handling the MSISDN : 1100926994
2016-04-26 13:52:03 DEBUG :80 - current UCIP Request : DeleteOffer
2016-04-26 13:52:03 ERROR :86 - The request for the current UCIP Request :  <?xml version="1.0"?>
<methodCall>
<methodName>DeleteOffer</methodName>
<params>
<param>
<value>
<struct>
<member><name>originNodeType</name><value><string>EXT</string></value></member>
<member><name>originHostName</name><value><string>testserver</string></value></member>
<member><name>originTransactionID</name><value><string>3</string></value></member>
<member><name>originTimeStamp</name><value><dateTime.iso8601>20160426T01:52:03+0200</dateTime.iso8601></value></member>
<member><name>subscriberNumberNAI</name><value><int>2</int></value></member>
<member><name>subscriberNumber</name><value><string>$msisdn</string></value></member>
<member><name>offerID</name><value><int>18624</int></value></member>
</struct>
</value>
</param>
</params>
</methodCall>

2016-04-26 13:52:03 ERROR :87 - The response for the current UCIP Request : <?xml version="1.0" encoding="UTF-8"?><methodResponse><params><param><value><struct><member><name>availableServerCapabilities</name><value><array><data><value><i4>545333764</i4></value><value><i4>8</i4></value></data></array></value></member><member><name>negotiatedCapabilities</name><value><array><data><value><i4>0</i4></value></data></array></value></member><member><name>originTransactionID</name><value><string>3</string></value></member><member><name>responseCode</name><value><i4>100</i4></value></member></struct></value></param></params></methodResponse>
2016-04-26 13:52:03 DEBUG :446 - Thread Stopped for dial : [1100926990,DeleteOffer,18624, 1100926991,DeleteOffer,18624, 1100926992,DeleteOffer,18624, 1100926993,DeleteOffer,18624, 1100926994,DeleteOffer,18624]
2016-04-26 13:52:03 DEBUG :447 - ------------------------------------------------------------------------------------------------

2016-04-26 13:52:53 DEBUG :386 - Log appended : logs/ThreadLog_2_20160426135253
2016-04-26 13:52:53 DEBUG :70 - Thread is Using Air 3 whose URL is : http://10.78.49.23:10011/Air
2016-04-26 13:52:53 DEBUG :75 - Starting the run method for Thread : logs/ThreadLog_2_20160426135253
2016-04-26 13:52:53 DEBUG :79 - Handling the MSISDN : 1100926990
2016-04-26 13:52:53 DEBUG :80 - current UCIP Request : DeleteOffer
2016-04-26 13:52:53 DEBUG :89 - Request sent successfully with Response Code : 0
2016-04-26 13:52:53 DEBUG :79 - Handling the MSISDN : 1100926991
2016-04-26 13:52:53 DEBUG :80 - current UCIP Request : DeleteOffer
2016-04-26 13:52:53 DEBUG :89 - Request sent successfully with Response Code : 0
2016-04-26 13:52:53 DEBUG :79 - Handling the MSISDN : 1100926992
2016-04-26 13:52:53 DEBUG :80 - current UCIP Request : DeleteOffer
2016-04-26 13:52:53 DEBUG :89 - Request sent successfully with Response Code : 0
2016-04-26 13:52:53 DEBUG :79 - Handling the MSISDN : 1100926993
2016-04-26 13:52:53 DEBUG :80 - current UCIP Request : DeleteOffer
2016-04-26 13:52:53 DEBUG :89 - Request sent successfully with Response Code : 0
2016-04-26 13:52:53 DEBUG :79 - Handling the MSISDN : 1100926994
2016-04-26 13:52:53 DEBUG :80 - current UCIP Request : DeleteOffer
2016-04-26 13:52:53 ERROR :86 - The request for the current UCIP Request :  <?xml version="1.0"?>
<methodCall>
<methodName>DeleteOffer</methodName>
<params>
<param>
<value>
<struct>
<member><name>originNodeType</name><value><string>EXT</string></value></member>
<member><name>originHostName</name><value><string>testserver</string></value></member>
<member><name>originTransactionID</name><value><string>3</string></value></member>
<member><name>originTimeStamp</name><value><dateTime.iso8601>20160426T01:52:53+0200</dateTime.iso8601></value></member>
<member><name>subscriberNumberNAI</name><value><int>2</int></value></member>
<member><name>subscriberNumber</name><value><string>$msisdn</string></value></member>
<member><name>offerID</name><value><int>18784</int></value></member>
</struct>
</value>
</param>
</params>
</methodCall>

2016-04-26 13:52:53 ERROR :87 - The response for the current UCIP Request : <?xml version="1.0" encoding="UTF-8"?><methodResponse><params><param><value><struct><member><name>availableServerCapabilities</name><value><array><data><value><i4>545333764</i4></value><value><i4>8</i4></value></data></array></value></member><member><name>negotiatedCapabilities</name><value><array><data><value><i4>0</i4></value></data></array></value></member><member><name>originTransactionID</name><value><string>3</string></value></member><member><name>responseCode</name><value><i4>100</i4></value></member></struct></value></param></params></methodResponse>
2016-04-26 13:52:53 DEBUG :446 - Thread Stopped for dial : [1100926990,DeleteOffer,18784, 1100926991,DeleteOffer,18784, 1100926992,DeleteOffer,18784, 1100926993,DeleteOffer,18784, 1100926994,DeleteOffer,18784]
2016-04-26 13:52:53 DEBUG :447 - ------------------------------------------------------------------------------------------------

2016-04-26 13:31:30 DEBUG :386 - Log appended : logs/ThreadLog_3_20160426133130
2016-04-26 13:31:30 DEBUG :70 - Thread is Using Air 4 whose URL is : http://10.78.49.24:10011/Air
2016-04-26 13:31:30 DEBUG :75 - Starting the run method for Thread : logs/ThreadLog_3_20160426133130
2016-04-26 13:31:30 DEBUG :79 - Handling the MSISDN : 1100926995
2016-04-26 13:31:30 DEBUG :80 - current UCIP Request : UpdateOffer
2016-04-26 13:31:30 DEBUG :89 - Request sent successfully with Response Code : 0
2016-04-26 13:31:30 DEBUG :79 - Handling the MSISDN : 1100926996
2016-04-26 13:31:30 DEBUG :80 - current UCIP Request : UpdateOffer
2016-04-26 13:31:30 DEBUG :89 - Request sent successfully with Response Code : 0
2016-04-26 13:31:30 DEBUG :79 - Handling the MSISDN : 1100926997
2016-04-26 13:31:30 DEBUG :80 - current UCIP Request : UpdateOffer
2016-04-26 13:31:30 DEBUG :89 - Request sent successfully with Response Code : 0
2016-04-26 13:31:30 DEBUG :79 - Handling the MSISDN : 1100926998
2016-04-26 13:31:30 DEBUG :80 - current UCIP Request : UpdateOffer
2016-04-26 13:31:30 DEBUG :89 - Request sent successfully with Response Code : 0
2016-04-26 13:31:30 DEBUG :79 - Handling the MSISDN : 1100926999
2016-04-26 13:31:30 DEBUG :80 - current UCIP Request : UpdateOffer
2016-04-26 13:31:31 DEBUG :89 - Request sent successfully with Response Code : 0
2016-04-26 13:31:31 DEBUG :446 - Thread Stopped for dial : [1100926995,UpdateOffer,18624, 1100926996,UpdateOffer,18624, 1100926997,UpdateOffer,18624, 1100926998,UpdateOffer,18624, 1100926999,UpdateOffer,18624]
2016-04-26 13:31:31 DEBUG :447 - ------------------------------------------------------------------------------------------------

2016-04-26 13:47:29 DEBUG :386 - Log appended : logs/ThreadLog_3_20160426134729
2016-04-26 13:47:29 DEBUG :70 - Thread is Using Air 4 whose URL is : http://10.78.49.24:10011/Air
2016-04-26 13:47:29 DEBUG :75 - Starting the run method for Thread : logs/ThreadLog_3_20160426134729
2016-04-26 13:47:29 DEBUG :79 - Handling the MSISDN : 1100926995
2016-04-26 13:47:29 DEBUG :80 - current UCIP Request : UpdateOfferWithExpiry
2016-04-26 13:47:29 DEBUG :89 - Request sent successfully with Response Code : 0
2016-04-26 13:47:29 DEBUG :79 - Handling the MSISDN : 1100926996
2016-04-26 13:47:29 DEBUG :80 - current UCIP Request : UpdateOfferWithExpiry
2016-04-26 13:47:29 DEBUG :89 - Request sent successfully with Response Code : 0
2016-04-26 13:47:29 DEBUG :79 - Handling the MSISDN : 1100926997
2016-04-26 13:47:29 DEBUG :80 - current UCIP Request : UpdateOfferWithExpiry
2016-04-26 13:47:29 DEBUG :89 - Request sent successfully with Response Code : 0
2016-04-26 13:47:29 DEBUG :79 - Handling the MSISDN : 1100926998
2016-04-26 13:47:29 DEBUG :80 - current UCIP Request : UpdateOfferWithExpiry
2016-04-26 13:47:29 DEBUG :89 - Request sent successfully with Response Code : 0
2016-04-26 13:47:29 DEBUG :79 - Handling the MSISDN : 1100926999
2016-04-26 13:47:29 DEBUG :80 - current UCIP Request : UpdateOfferWithExpiry
2016-04-26 13:47:29 DEBUG :89 - Request sent successfully with Response Code : 0
2016-04-26 13:47:29 DEBUG :446 - Thread Stopped for dial : [1100926995,UpdateOfferWithExpiry,18784,29, 1100926996,UpdateOfferWithExpiry,18784,29, 1100926997,UpdateOfferWithExpiry,18784,29, 1100926998,UpdateOfferWithExpiry,18784,29, 1100926999,UpdateOfferWithExpiry,18784,29]
2016-04-26 13:47:29 DEBUG :447 - ------------------------------------------------------------------------------------------------

2016-04-26 13:52:02 DEBUG :386 - Log appended : logs/ThreadLog_3_20160426135202
2016-04-26 13:52:02 DEBUG :70 - Thread is Using Air 4 whose URL is : http://10.78.49.24:10011/Air
2016-04-26 13:52:02 DEBUG :75 - Starting the run method for Thread : logs/ThreadLog_3_20160426135202
2016-04-26 13:52:02 DEBUG :79 - Handling the MSISDN : 1100926995
2016-04-26 13:52:02 DEBUG :80 - current UCIP Request : DeleteOffer
2016-04-26 13:52:02 DEBUG :89 - Request sent successfully with Response Code : 0
2016-04-26 13:52:02 DEBUG :79 - Handling the MSISDN : 1100926996
2016-04-26 13:52:02 DEBUG :80 - current UCIP Request : DeleteOffer
2016-04-26 13:52:02 DEBUG :89 - Request sent successfully with Response Code : 0
2016-04-26 13:52:02 DEBUG :79 - Handling the MSISDN : 1100926997
2016-04-26 13:52:02 DEBUG :80 - current UCIP Request : DeleteOffer
2016-04-26 13:52:03 DEBUG :89 - Request sent successfully with Response Code : 0
2016-04-26 13:52:03 DEBUG :79 - Handling the MSISDN : 1100926998
2016-04-26 13:52:03 DEBUG :80 - current UCIP Request : DeleteOffer
2016-04-26 13:52:03 DEBUG :89 - Request sent successfully with Response Code : 0
2016-04-26 13:52:03 DEBUG :79 - Handling the MSISDN : 1100926999
2016-04-26 13:52:03 DEBUG :80 - current UCIP Request : DeleteOffer
2016-04-26 13:52:03 DEBUG :89 - Request sent successfully with Response Code : 0
2016-04-26 13:52:03 DEBUG :446 - Thread Stopped for dial : [1100926995,DeleteOffer,18624, 1100926996,DeleteOffer,18624, 1100926997,DeleteOffer,18624, 1100926998,DeleteOffer,18624, 1100926999,DeleteOffer,18624]
2016-04-26 13:52:03 DEBUG :447 - ------------------------------------------------------------------------------------------------

2016-04-26 13:52:53 DEBUG :386 - Log appended : logs/ThreadLog_3_20160426135253
2016-04-26 13:52:53 DEBUG :70 - Thread is Using Air 4 whose URL is : http://10.78.49.24:10011/Air
2016-04-26 13:52:53 DEBUG :75 - Starting the run method for Thread : logs/ThreadLog_3_20160426135253
2016-04-26 13:52:53 DEBUG :79 - Handling the MSISDN : 1100926995
2016-04-26 13:52:53 DEBUG :80 - current UCIP Request : DeleteOffer
2016-04-26 13:52:53 DEBUG :89 - Request sent successfully with Response Code : 0
2016-04-26 13:52:53 DEBUG :79 - Handling the MSISDN : 1100926996
2016-04-26 13:52:53 DEBUG :80 - current UCIP Request : DeleteOffer
2016-04-26 13:52:53 DEBUG :89 - Request sent successfully with Response Code : 0
2016-04-26 13:52:53 DEBUG :79 - Handling the MSISDN : 1100926997
2016-04-26 13:52:53 DEBUG :80 - current UCIP Request : DeleteOffer
2016-04-26 13:52:53 DEBUG :89 - Request sent successfully with Response Code : 0
2016-04-26 13:52:53 DEBUG :79 - Handling the MSISDN : 1100926998
2016-04-26 13:52:53 DEBUG :80 - current UCIP Request : DeleteOffer
2016-04-26 13:52:53 DEBUG :89 - Request sent successfully with Response Code : 0
2016-04-26 13:52:53 DEBUG :79 - Handling the MSISDN : 1100926999
2016-04-26 13:52:53 DEBUG :80 - current UCIP Request : DeleteOffer
2016-04-26 13:52:53 DEBUG :89 - Request sent successfully with Response Code : 0
2016-04-26 13:52:53 DEBUG :446 - Thread Stopped for dial : [1100926995,DeleteOffer,18784, 1100926996,DeleteOffer,18784, 1100926997,DeleteOffer,18784, 1100926998,DeleteOffer,18784, 1100926999,DeleteOffer,18784]
2016-04-26 13:52:53 DEBUG :447 - ------------------------------------------------------------------------------------------------

