2016-04-20 14:24:04 DEBUG :384 - Log appended : logs/ThreadLog_3_20160420142404
2016-04-20 14:24:04 DEBUG :70 - Thread is Using Air 4 whose URL is : http://10.78.49.24:10011/Air
2016-04-20 14:24:04 DEBUG :75 - Starting the run method for Thread : logs/ThreadLog_3_20160420142404
2016-04-20 14:24:04 DEBUG :79 - Handling the MSISDN : 1100926995
2016-04-20 14:24:04 DEBUG :83 - Request Update Offer with offerId 18192: <?xml version="1.0"?>
<methodCall>
<methodName>UpdateOffer</methodName>
<params><param><value><struct>
<member><name>originNodeType</name><value><string>EXT</string></value></member>
<member><name>originHostName</name><value><string>testserver</string></value></member>
<member><name>originTransactionID</name><value><string>4</string></value></member>
<member><name>originTimeStamp</name><value><dateTime.iso8601>20160420T02:24:04+0200</dateTime.iso8601></value></member>
<member><name>subscriberNumberNAI</name><value><int>2</int></value></member>
<member><name>subscriberNumber</name><value><string>$msisdn</string></value></member>
<member><name>offerID</name><value><i4>18624</i4></value></member>
<member><name>expiryDate</name><value><dateTime.iso8601>20161020T02:24:04+0200</dateTime.iso8601></value></member>
</struct></value></param></params>
</methodCall>

2016-04-20 14:24:05 DEBUG :85 - Response1 Update Offer with offerId 18192: 0
2016-04-20 14:24:05 DEBUG :79 - Handling the MSISDN : 1100926996
2016-04-20 14:24:05 DEBUG :83 - Request Update Offer with offerId 18192: <?xml version="1.0"?>
<methodCall>
<methodName>UpdateOffer</methodName>
<params><param><value><struct>
<member><name>originNodeType</name><value><string>EXT</string></value></member>
<member><name>originHostName</name><value><string>testserver</string></value></member>
<member><name>originTransactionID</name><value><string>4</string></value></member>
<member><name>originTimeStamp</name><value><dateTime.iso8601>20160420T02:24:05+0200</dateTime.iso8601></value></member>
<member><name>subscriberNumberNAI</name><value><int>2</int></value></member>
<member><name>subscriberNumber</name><value><string>$msisdn</string></value></member>
<member><name>offerID</name><value><i4>18624</i4></value></member>
<member><name>expiryDate</name><value><dateTime.iso8601>20161020T02:24:05+0200</dateTime.iso8601></value></member>
</struct></value></param></params>
</methodCall>

2016-04-20 14:24:05 DEBUG :85 - Response1 Update Offer with offerId 18192: 0
2016-04-20 14:24:05 DEBUG :79 - Handling the MSISDN : 1100926997
2016-04-20 14:24:05 DEBUG :83 - Request Update Offer with offerId 18192: <?xml version="1.0"?>
<methodCall>
<methodName>UpdateOffer</methodName>
<params><param><value><struct>
<member><name>originNodeType</name><value><string>EXT</string></value></member>
<member><name>originHostName</name><value><string>testserver</string></value></member>
<member><name>originTransactionID</name><value><string>4</string></value></member>
<member><name>originTimeStamp</name><value><dateTime.iso8601>20160420T02:24:05+0200</dateTime.iso8601></value></member>
<member><name>subscriberNumberNAI</name><value><int>2</int></value></member>
<member><name>subscriberNumber</name><value><string>$msisdn</string></value></member>
<member><name>offerID</name><value><i4>18624</i4></value></member>
<member><name>expiryDate</name><value><dateTime.iso8601>20161020T02:24:05+0200</dateTime.iso8601></value></member>
</struct></value></param></params>
</methodCall>

2016-04-20 14:24:05 DEBUG :85 - Response1 Update Offer with offerId 18192: 0
2016-04-20 14:24:05 DEBUG :79 - Handling the MSISDN : 1100926998
2016-04-20 14:24:05 DEBUG :83 - Request Update Offer with offerId 18192: <?xml version="1.0"?>
<methodCall>
<methodName>UpdateOffer</methodName>
<params><param><value><struct>
<member><name>originNodeType</name><value><string>EXT</string></value></member>
<member><name>originHostName</name><value><string>testserver</string></value></member>
<member><name>originTransactionID</name><value><string>4</string></value></member>
<member><name>originTimeStamp</name><value><dateTime.iso8601>20160420T02:24:05+0200</dateTime.iso8601></value></member>
<member><name>subscriberNumberNAI</name><value><int>2</int></value></member>
<member><name>subscriberNumber</name><value><string>$msisdn</string></value></member>
<member><name>offerID</name><value><i4>18624</i4></value></member>
<member><name>expiryDate</name><value><dateTime.iso8601>20161020T02:24:05+0200</dateTime.iso8601></value></member>
</struct></value></param></params>
</methodCall>

2016-04-20 14:24:05 DEBUG :85 - Response1 Update Offer with offerId 18192: 0
2016-04-20 14:24:05 DEBUG :79 - Handling the MSISDN : 1100926999
2016-04-20 14:24:05 DEBUG :83 - Request Update Offer with offerId 18192: <?xml version="1.0"?>
<methodCall>
<methodName>UpdateOffer</methodName>
<params><param><value><struct>
<member><name>originNodeType</name><value><string>EXT</string></value></member>
<member><name>originHostName</name><value><string>testserver</string></value></member>
<member><name>originTransactionID</name><value><string>4</string></value></member>
<member><name>originTimeStamp</name><value><dateTime.iso8601>20160420T02:24:05+0200</dateTime.iso8601></value></member>
<member><name>subscriberNumberNAI</name><value><int>2</int></value></member>
<member><name>subscriberNumber</name><value><string>$msisdn</string></value></member>
<member><name>offerID</name><value><i4>18624</i4></value></member>
<member><name>expiryDate</name><value><dateTime.iso8601>20161020T02:24:05+0200</dateTime.iso8601></value></member>
</struct></value></param></params>
</methodCall>

2016-04-20 14:24:05 DEBUG :85 - Response1 Update Offer with offerId 18192: 0
2016-04-20 14:24:05 DEBUG :444 - Thread Stopped for dial : [1100926995,18624, 1100926996,18624, 1100926997,18624, 1100926998,18624, 1100926999,18624]
2016-04-20 14:24:05 DEBUG :445 - ------------------------------------------------------------------------------------------------
